[2025-05-24 18:06:25] [CONFIG ] Look and feel système configuré 
[2025-05-24 18:06:25] [INFO   ] Environnement initialisé - Java 23.0.2 (Oracle Corporation) | Mémoire max: 1986 MB 
[2025-05-24 18:07:38] [CONFIG ] Look and feel système configuré 
[2025-05-24 18:07:39] [INFO   ] Environnement initialisé - Java 23.0.2 (Oracle Corporation) | Mémoire max: 1986 MB 
[2025-05-24 18:07:56] [INFO   ] Authentification annulée après plusieurs tentatives 
[2025-05-24 18:08:03] [CONFIG ] Look and feel système configuré 
[2025-05-24 18:08:03] [INFO   ] Environnement initialisé - Java 23.0.2 (Oracle Corporation) | Mémoire max: 1986 MB 
[2025-05-24 18:17:48] [INFO   ] Authentification annulée après plusieurs tentatives 
[2025-05-24 18:24:08] [CONFIG ] System look and feel configured 
[2025-05-24 18:24:08] [INFO   ] Environment Initialized - Java 23.0.2 (Oracle Corporation) | Max Memory: 1986 MB 
[2025-05-24 18:25:28] [INFO   ] Authentication cancelled by user 
[2025-05-24 18:36:24] [CONFIG ] Look and feel système configuré 
[2025-05-24 18:36:24] [INFO   ] Environnement initialisé - Java 23.0.2 (Oracle Corporation) | Mémoire max: 1986 MB 
[2025-05-24 18:36:52] [CONFIG ] Look and feel système configuré 
[2025-05-24 18:36:52] [INFO   ] Environnement initialisé - Java 23.0.2 (Oracle Corporation) | Mémoire max: 1986 MB 
[2025-05-24 19:28:44] [CONFIG ] Look and feel système configuré 
[2025-05-24 19:28:44] [INFO   ] Environnement initialisé - Java 23.0.2 (Oracle Corporation) | Mémoire max: 1986 MB 
[2025-05-24 19:30:05] [INFO   ] Authentification annulée après plusieurs tentatives 
[2025-05-24 19:30:30] [CONFIG ] Look and feel système configuré 
[2025-05-24 19:30:30] [INFO   ] Environnement initialisé - Java 23.0.2 (Oracle Corporation) | Mémoire max: 1986 MB 
[2025-05-24 19:34:59] [CONFIG ] Look and feel système configuré 
[2025-05-24 19:34:59] [INFO   ] Environnement initialisé - Java 23.0.2 (Oracle Corporation) | Mémoire max: 1986 MB 
[2025-05-24 19:35:37] [CONFIG ] Look and feel système configuré 
[2025-05-24 19:35:37] [INFO   ] Environnement initialisé - Java 23.0.2 (Oracle Corporation) | Mémoire max: 1986 MB 
[2025-05-24 19:36:29] [INFO   ] Authentification annulée après plusieurs tentatives 
[2025-05-24 19:38:01] [CONFIG ] Look and feel système configuré 
[2025-05-24 19:38:02] [INFO   ] Environnement initialisé - Java 23.0.2 (Oracle Corporation) | Mémoire max: 1986 MB 
[2025-05-24 19:48:05] [CONFIG ] Look and feel système configuré 
[2025-05-24 19:48:05] [INFO   ] Environnement initialisé - Java 23.0.2 (Oracle Corporation) | Mémoire max: 1986 MB 
[2025-05-24 19:49:33] [INFO   ] Authentification annulée après plusieurs tentatives 
[2025-05-24 19:59:54] [CONFIG ] Look and feel système configuré 
[2025-05-24 19:59:54] [INFO   ] Environnement initialisé - Java 23.0.2 (Oracle Corporation) | Mémoire max: 1986 MB 
[2025-05-24 20:00:07] [INFO   ] Authentification annulée après plusieurs tentatives 
[2025-05-24 20:03:21] [CONFIG ] Look and feel système configuré 
[2025-05-24 20:03:21] [INFO   ] Environnement initialisé - Java 23.0.2 (Oracle Corporation) | Mémoire max: 1986 MB 
[2025-05-24 20:03:54] [INFO   ] Authentification annulée après plusieurs tentatives 
[2025-05-24 20:19:36] [CONFIG ] Look and feel système configuré 
[2025-05-24 20:19:36] [INFO   ] Environnement initialisé - Java 23.0.2 (Oracle Corporation) | Mémoire max: 1986 MB 
[2025-05-24 20:20:13] [INFO   ] Authentification annulée après plusieurs tentatives 
[2025-05-24 20:28:46] [CONFIG ] Look and feel système configuré 
[2025-05-24 20:28:46] [INFO   ] Environnement initialisé - Java 23.0.2 (Oracle Corporation) | Mémoire max: 1986 MB 
[2025-05-24 20:29:51] [INFO   ] Authentification annulée après plusieurs tentatives 
[2025-05-24 21:03:10] [CONFIG ] Look and feel système configuré 
[2025-05-24 21:03:10] [INFO   ] Environnement initialisé - Java 23.0.2 (Oracle Corporation) | Mémoire max: 1986 MB 
[2025-05-24 21:04:39] [INFO   ] Authentification annulée après plusieurs tentatives 
[2025-05-24 21:17:41] [CONFIG ] Look and feel système configuré 
[2025-05-24 21:17:41] [INFO   ] Environnement initialisé - Java 23.0.2 (Oracle Corporation) | Mémoire max: 1986 MB 
[2025-05-24 21:24:58] [INFO   ] Authentification annulée après plusieurs tentatives 
[2025-05-24 21:27:58] [CONFIG ] Look and feel système configuré 
[2025-05-24 21:27:58] [INFO   ] Environnement initialisé - Java 23.0.2 (Oracle Corporation) | Mémoire max: 1986 MB 
[2025-05-24 21:28:17] [INFO   ] Authentification annulée après plusieurs tentatives 
[2025-05-24 21:31:00] [CONFIG ] Look and feel système configuré 
[2025-05-24 21:31:00] [INFO   ] Environnement initialisé - Java 23.0.2 (Oracle Corporation) | Mémoire max: 1986 MB 
[2025-05-24 21:43:46] [CONFIG ] Look and feel système configuré 
[2025-05-24 21:43:46] [INFO   ] Environnement initialisé - Java 23.0.2 (Oracle Corporation) | Mémoire max: 1986 MB 
[2025-05-24 21:44:31] [INFO   ] Authentification annulée après plusieurs tentatives 
[2025-05-24 21:46:16] [CONFIG ] Look and feel système configuré 
[2025-05-24 21:46:16] [INFO   ] Environnement initialisé - Java 23.0.2 (Oracle Corporation) | Mémoire max: 1986 MB 
[2025-05-24 21:46:54] [INFO   ] Authentification annulée après plusieurs tentatives 
[2025-05-24 21:47:03] [CONFIG ] Look and feel système configuré 
[2025-05-24 21:47:03] [INFO   ] Environnement initialisé - Java 23.0.2 (Oracle Corporation) | Mémoire max: 1986 MB 
[2025-05-24 22:14:25] [CONFIG ] Look and feel système configuré 
[2025-05-24 22:14:25] [INFO   ] Environnement initialisé - Java 23.0.2 (Oracle Corporation) | Mémoire max: 1986 MB 
[2025-05-24 22:53:12] [CONFIG ] Look and feel système configuré 
[2025-05-24 22:53:12] [INFO   ] Environnement initialisé - Java 23.0.2 (Oracle Corporation) | Mémoire max: 1986 MB 
[2025-05-24 22:53:37] [INFO   ] Authentification annulée après plusieurs tentatives 
[2025-05-24 22:53:48] [CONFIG ] Look and feel système configuré 
[2025-05-24 22:53:48] [INFO   ] Environnement initialisé - Java 23.0.2 (Oracle Corporation) | Mémoire max: 1986 MB 
[2025-05-24 22:54:16] [INFO   ] Authentification annulée après plusieurs tentatives 
[2025-05-24 23:00:30] [CONFIG ] Look and feel système configuré 
[2025-05-24 23:00:30] [INFO   ] Environnement initialisé - Java 23.0.2 (Oracle Corporation) | Mémoire max: 1986 MB 
[2025-05-24 23:01:01] [INFO   ] Authentification annulée après plusieurs tentatives 
[2025-05-24 23:02:18] [CONFIG ] Look and feel système configuré 
[2025-05-24 23:02:18] [INFO   ] Environnement initialisé - Java 23.0.2 (Oracle Corporation) | Mémoire max: 1986 MB 
[2025-05-24 23:03:05] [INFO   ] Authentification annulée après plusieurs tentatives 
[2025-05-24 23:03:56] [CONFIG ] Look and feel système configuré 
[2025-05-24 23:03:56] [INFO   ] Environnement initialisé - Java 23.0.2 (Oracle Corporation) | Mémoire max: 1986 MB 
[2025-05-24 23:04:27] [INFO   ] Authentification annulée après plusieurs tentatives 
[2025-05-24 23:05:48] [CONFIG ] Look and feel système configuré 
[2025-05-24 23:05:48] [INFO   ] Environnement initialisé - Java 23.0.2 (Oracle Corporation) | Mémoire max: 1986 MB 
[2025-05-24 23:06:11] [INFO   ] Authentification annulée après plusieurs tentatives 
[2025-05-24 23:10:45] [CONFIG ] Look and feel système configuré 
[2025-05-24 23:10:45] [INFO   ] Environnement initialisé - Java 23.0.2 (Oracle Corporation) | Mémoire max: 1986 MB 
[2025-05-24 23:11:11] [INFO   ] Authentification annulée après plusieurs tentatives 
[2025-05-24 23:13:38] [CONFIG ] Look and feel système configuré 
[2025-05-24 23:13:38] [INFO   ] Environnement initialisé - Java 23.0.2 (Oracle Corporation) | Mémoire max: 1986 MB 
[2025-05-24 23:13:45] [INFO   ] Authentification annulée après plusieurs tentatives 
[2025-05-24 23:14:07] [CONFIG ] Look and feel système configuré 
[2025-05-24 23:14:07] [INFO   ] Environnement initialisé - Java 23.0.2 (Oracle Corporation) | Mémoire max: 1986 MB 
[2025-05-24 23:14:19] [INFO   ] Authentification annulée après plusieurs tentatives 
[2025-05-24 23:15:04] [CONFIG ] Look and feel système configuré 
[2025-05-24 23:15:04] [INFO   ] Environnement initialisé - Java 23.0.2 (Oracle Corporation) | Mémoire max: 1986 MB 
[2025-05-24 23:15:27] [INFO   ] Authentification annulée après plusieurs tentatives 
[2025-05-24 23:23:14] [CONFIG ] Look and feel système configuré 
[2025-05-24 23:23:14] [INFO   ] Environnement initialisé - Java 23.0.2 (Oracle Corporation) | Mémoire max: 1986 MB 
[2025-05-24 23:23:34] [INFO   ] Authentification annulée après plusieurs tentatives 
[2025-05-24 23:26:01] [CONFIG ] Look and feel système configuré 
[2025-05-24 23:26:01] [INFO   ] Environnement initialisé - Java 23.0.2 (Oracle Corporation) | Mémoire max: 1986 MB 
[2025-05-24 23:26:38] [INFO   ] Authentification annulée après plusieurs tentatives 
[2025-05-24 23:27:08] [CONFIG ] Look and feel système configuré 
[2025-05-24 23:27:08] [INFO   ] Environnement initialisé - Java 23.0.2 (Oracle Corporation) | Mémoire max: 1986 MB 
[2025-05-24 23:27:21] [INFO   ] Authentification annulée après plusieurs tentatives 
[2025-05-24 23:29:13] [CONFIG ] Look and feel système configuré 
[2025-05-24 23:29:13] [INFO   ] Environnement initialisé - Java 23.0.2 (Oracle Corporation) | Mémoire max: 1986 MB 
[2025-05-24 23:29:44] [INFO   ] Authentification annulée après plusieurs tentatives 
[2025-05-24 23:48:15] [CONFIG ] Look and feel système configuré 
[2025-05-24 23:48:15] [INFO   ] Environnement initialisé - Java 23.0.2 (Oracle Corporation) | Mémoire max: 1986 MB 
[2025-05-24 23:48:37] [INFO   ] Authentification annulée après plusieurs tentatives 
[2025-05-24 23:49:50] [CONFIG ] Look and feel système configuré 
[2025-05-24 23:49:50] [INFO   ] Environnement initialisé - Java 23.0.2 (Oracle Corporation) | Mémoire max: 1986 MB 
[2025-05-24 23:50:02] [INFO   ] Authentification annulée après plusieurs tentatives 
[2025-05-24 23:52:15] [CONFIG ] Look and feel système configuré 
[2025-05-24 23:52:15] [INFO   ] Environnement initialisé - Java 23.0.2 (Oracle Corporation) | Mémoire max: 1986 MB 
[2025-05-24 23:52:32] [INFO   ] Authentification annulée après plusieurs tentatives 
[2025-05-24 23:53:02] [CONFIG ] Look and feel système configuré 
[2025-05-24 23:53:02] [INFO   ] Environnement initialisé - Java 23.0.2 (Oracle Corporation) | Mémoire max: 1986 MB 
[2025-05-24 23:53:14] [SEVERE ] Échec du lancement de l'application 
